Performing C SOURCE FILE Test LIBOMP_HAVE_MMIC_FLAG failed with the following output:
Change Dir: /Users/simar/repos/CS534L-Social-Networks-Project/TIM/libomp/CMakeFiles/CMakeTmp

Run Build Command:"/usr/bin/make" "cmTC_42612/fast"
/Library/Developer/CommandLineTools/usr/bin/make -f CMakeFiles/cmTC_42612.dir/build.make CMakeFiles/cmTC_42612.dir/build
Building C object CMakeFiles/cmTC_42612.dir/src.c.o
/Library/Developer/CommandLineTools/usr/bin/cc   -DLIBOMP_HAVE_MMIC_FLAG -mmic   -mmic -o CMakeFiles/cmTC_42612.dir/src.c.o   -c /Users/simar/repos/CS534L-Social-Networks-Project/TIM/libomp/CMakeFiles/CMakeTmp/src.c
clang: error: unknown argument: '-mmic'
clang: error: unknown argument: '-mmic'
make[1]: *** [CMakeFiles/cmTC_42612.dir/src.c.o] Error 1
make: *** [cmTC_42612/fast] Error 2

Source file was:
int main(void) { return 0; }
Performing C SOURCE FILE Test LIBOMP_HAVE_VERSION_SYMBOLS failed with the following output:
Change Dir: /Users/simar/repos/CS534L-Social-Networks-Project/TIM/libomp/CMakeFiles/CMakeTmp

Run Build Command:"/usr/bin/make" "cmTC_1271f/fast"
/Library/Developer/CommandLineTools/usr/bin/make -f CMakeFiles/cmTC_1271f.dir/build.make CMakeFiles/cmTC_1271f.dir/build
Building C object CMakeFiles/cmTC_1271f.dir/src.c.o
/Library/Developer/CommandLineTools/usr/bin/cc   -DLIBOMP_HAVE_VERSION_SYMBOLS -Wl,--version-script=/Users/simar/repos/CS534L-Social-Networks-Project/TIM/libomp/runtime/__version_script.txt   -o CMakeFiles/cmTC_1271f.dir/src.c.o   -c /Users/simar/repos/CS534L-Social-Networks-Project/TIM/libomp/CMakeFiles/CMakeTmp/src.c
clang: warning: -Wl,--version-script=/Users/simar/repos/CS534L-Social-Networks-Project/TIM/libomp/runtime/__version_script.txt: 'linker' input unused [-Wunused-command-line-argument]
<inline asm>:1:1: error: unknown directive
.symver func1, func@VER1
^
<inline asm>:2:1: error: unknown directive
.symver func2, func@VER2
^
2 errors generated.
make[1]: *** [CMakeFiles/cmTC_1271f.dir/src.c.o] Error 1
make: *** [cmTC_1271f/fast] Error 2

Source file was:
#include <stdio.h>
    void func1() { printf("Hello"); }
    void func2() { printf("World"); }
    __asm__(".symver func1, func@VER1");
    __asm__(".symver func2, func@VER2");
    int main() {
      func1();
      func2();
      return 0;
    }
Determining if files windows.h;psapi.h exist failed with the following output:
Change Dir: /Users/simar/repos/CS534L-Social-Networks-Project/TIM/libomp/CMakeFiles/CMakeTmp

Run Build Command:"/usr/bin/make" "cmTC_b5633/fast"
/Library/Developer/CommandLineTools/usr/bin/make -f CMakeFiles/cmTC_b5633.dir/build.make CMakeFiles/cmTC_b5633.dir/build
Building C object CMakeFiles/cmTC_b5633.dir/CheckIncludeFiles.c.o
/Library/Developer/CommandLineTools/usr/bin/cc    -o CMakeFiles/cmTC_b5633.dir/CheckIncludeFiles.c.o   -c /Users/simar/repos/CS534L-Social-Networks-Project/TIM/libomp/CMakeFiles/CMakeTmp/CheckIncludeFiles.c
/Users/simar/repos/CS534L-Social-Networks-Project/TIM/libomp/CMakeFiles/CMakeTmp/CheckIncludeFiles.c:2:10: fatal error: 'windows.h' file not found
#include <windows.h>
         ^~~~~~~~~~~
1 error generated.
make[1]: *** [CMakeFiles/cmTC_b5633.dir/CheckIncludeFiles.c.o] Error 1
make: *** [cmTC_b5633/fast] Error 2

Source:
/* */
#include <windows.h>
#include <psapi.h>


int main(void){return 0;}

Determining if the function EnumProcessModules exists in the psapi failed with the following output:
Change Dir: /Users/simar/repos/CS534L-Social-Networks-Project/TIM/libomp/CMakeFiles/CMakeTmp

Run Build Command:"/usr/bin/make" "cmTC_46a96/fast"
/Library/Developer/CommandLineTools/usr/bin/make -f CMakeFiles/cmTC_46a96.dir/build.make CMakeFiles/cmTC_46a96.dir/build
Building C object CMakeFiles/cmTC_46a96.dir/CheckFunctionExists.c.o
/Library/Developer/CommandLineTools/usr/bin/cc   -DCHECK_FUNCTION_EXISTS=EnumProcessModules   -o CMakeFiles/cmTC_46a96.dir/CheckFunctionExists.c.o   -c /usr/local/Cellar/cmake/3.10.1/share/cmake/Modules/CheckFunctionExists.c
Linking C executable cmTC_46a96
/usr/local/Cellar/cmake/3.10.1/bin/cmake -E cmake_link_script CMakeFiles/cmTC_46a96.dir/link.txt --verbose=1
/Library/Developer/CommandLineTools/usr/bin/cc  -DCHECK_FUNCTION_EXISTS=EnumProcessModules -Wl,-search_paths_first -Wl,-headerpad_max_install_names   CMakeFiles/cmTC_46a96.dir/CheckFunctionExists.c.o  -o cmTC_46a96 -lpsapi 
ld: library not found for -lpsapi
clang: error: linker command failed with exit code 1 (use -v to see invocation)
make[1]: *** [cmTC_46a96] Error 1
make: *** [cmTC_46a96/fast] Error 2


