The system is: Darwin - 17.2.0 - x86_64
Compiling the C compiler identification source file "CMakeCCompilerId.c" succeeded.
Compiler: /Library/Developer/CommandLineTools/usr/bin/cc 
Build flags: 
Id flags:  

The output was:
0


Compilation of the C compiler identification source "CMakeCCompilerId.c" produced "a.out"

The C compiler identification is AppleClang, found in "/Users/simar/repos/CS534L-Social-Networks-Project/TIM/libomp/CMakeFiles/3.10.1/CompilerIdC/a.out"

Compiling the CXX compiler identification source file "CMakeCXXCompilerId.cpp" succeeded.
Compiler: /Library/Developer/CommandLineTools/usr/bin/c++ 
Build flags: 
Id flags:  

The output was:
0


Compilation of the CXX compiler identification source "CMakeCXXCompilerId.cpp" produced "a.out"

The CXX compiler identification is AppleClang, found in "/Users/simar/repos/CS534L-Social-Networks-Project/TIM/libomp/CMakeFiles/3.10.1/CompilerIdCXX/a.out"

Determining if the C compiler works passed with the following output:
Change Dir: /Users/simar/repos/CS534L-Social-Networks-Project/TIM/libomp/CMakeFiles/CMakeTmp

Run Build Command:"/usr/bin/make" "cmTC_faee3/fast"
/Library/Developer/CommandLineTools/usr/bin/make -f CMakeFiles/cmTC_faee3.dir/build.make CMakeFiles/cmTC_faee3.dir/build
Building C object CMakeFiles/cmTC_faee3.dir/testCCompiler.c.o
/Library/Developer/CommandLineTools/usr/bin/cc    -o CMakeFiles/cmTC_faee3.dir/testCCompiler.c.o   -c /Users/simar/repos/CS534L-Social-Networks-Project/TIM/libomp/CMakeFiles/CMakeTmp/testCCompiler.c
Linking C executable cmTC_faee3
/usr/local/Cellar/cmake/3.10.1/bin/cmake -E cmake_link_script CMakeFiles/cmTC_faee3.dir/link.txt --verbose=1
/Library/Developer/CommandLineTools/usr/bin/cc   -Wl,-search_paths_first -Wl,-headerpad_max_install_names   CMakeFiles/cmTC_faee3.dir/testCCompiler.c.o  -o cmTC_faee3 


Detecting C compiler ABI info compiled with the following output:
Change Dir: /Users/simar/repos/CS534L-Social-Networks-Project/TIM/libomp/CMakeFiles/CMakeTmp

Run Build Command:"/usr/bin/make" "cmTC_06d4a/fast"
/Library/Developer/CommandLineTools/usr/bin/make -f CMakeFiles/cmTC_06d4a.dir/build.make CMakeFiles/cmTC_06d4a.dir/build
Building C object CMakeFiles/cmTC_06d4a.dir/CMakeCCompilerABI.c.o
/Library/Developer/CommandLineTools/usr/bin/cc    -o CMakeFiles/cmTC_06d4a.dir/CMakeCCompilerABI.c.o   -c /usr/local/Cellar/cmake/3.10.1/share/cmake/Modules/CMakeCCompilerABI.c
Linking C executable cmTC_06d4a
/usr/local/Cellar/cmake/3.10.1/bin/cmake -E cmake_link_script CMakeFiles/cmTC_06d4a.dir/link.txt --verbose=1
/Library/Developer/CommandLineTools/usr/bin/cc   -Wl,-search_paths_first -Wl,-headerpad_max_install_names  -v -Wl,-v CMakeFiles/cmTC_06d4a.dir/CMakeCCompilerABI.c.o  -o cmTC_06d4a 
Apple LLVM version 9.0.0 (clang-900.0.39.2)
Target: x86_64-apple-darwin17.2.0
Thread model: posix
InstalledDir: /Library/Developer/CommandLineTools/usr/bin
 "/Library/Developer/CommandLineTools/usr/bin/ld" -demangle -lto_library /Library/Developer/CommandLineTools/usr/lib/libLTO.dylib -dynamic -arch x86_64 -macosx_version_min 10.13.0 -o cmTC_06d4a -search_paths_first -headerpad_max_install_names -v CMakeFiles/cmTC_06d4a.dir/CMakeCCompilerABI.c.o -lSystem /Library/Developer/CommandLineTools/usr/lib/clang/9.0.0/lib/darwin/libclang_rt.osx.a
@(#)PROGRAM:ld  PROJECT:ld64-305
configured to support archs: armv6 armv7 armv7s arm64 i386 x86_64 x86_64h armv6m armv7k armv7m armv7em (tvOS)
Library search paths:
	/usr/lib
	/usr/local/lib
Framework search paths:
	/Library/Frameworks/
	/System/Library/Frameworks/


Parsed C implicit link information from above output:
  link line regex: [^( *|.*[/\])(ld|CMAKE_LINK_STARTFILE-NOTFOUND|([^/\]+-)?ld|collect2)[^/\]*( |$)]
  ignore line: [Change Dir: /Users/simar/repos/CS534L-Social-Networks-Project/TIM/libomp/CMakeFiles/CMakeTmp]
  ignore line: []
  ignore line: [Run Build Command:"/usr/bin/make" "cmTC_06d4a/fast"]
  ignore line: [/Library/Developer/CommandLineTools/usr/bin/make -f CMakeFiles/cmTC_06d4a.dir/build.make CMakeFiles/cmTC_06d4a.dir/build]
  ignore line: [Building C object CMakeFiles/cmTC_06d4a.dir/CMakeCCompilerABI.c.o]
  ignore line: [/Library/Developer/CommandLineTools/usr/bin/cc    -o CMakeFiles/cmTC_06d4a.dir/CMakeCCompilerABI.c.o   -c /usr/local/Cellar/cmake/3.10.1/share/cmake/Modules/CMakeCCompilerABI.c]
  ignore line: [Linking C executable cmTC_06d4a]
  ignore line: [/usr/local/Cellar/cmake/3.10.1/bin/cmake -E cmake_link_script CMakeFiles/cmTC_06d4a.dir/link.txt --verbose=1]
  ignore line: [/Library/Developer/CommandLineTools/usr/bin/cc   -Wl,-search_paths_first -Wl,-headerpad_max_install_names  -v -Wl,-v CMakeFiles/cmTC_06d4a.dir/CMakeCCompilerABI.c.o  -o cmTC_06d4a ]
  ignore line: [Apple LLVM version 9.0.0 (clang-900.0.39.2)]
  ignore line: [Target: x86_64-apple-darwin17.2.0]
  ignore line: [Thread model: posix]
  ignore line: [InstalledDir: /Library/Developer/CommandLineTools/usr/bin]
  link line: [ "/Library/Developer/CommandLineTools/usr/bin/ld" -demangle -lto_library /Library/Developer/CommandLineTools/usr/lib/libLTO.dylib -dynamic -arch x86_64 -macosx_version_min 10.13.0 -o cmTC_06d4a -search_paths_first -headerpad_max_install_names -v CMakeFiles/cmTC_06d4a.dir/CMakeCCompilerABI.c.o -lSystem /Library/Developer/CommandLineTools/usr/lib/clang/9.0.0/lib/darwin/libclang_rt.osx.a]
    arg [/Library/Developer/CommandLineTools/usr/bin/ld] ==> ignore
    arg [-demangle] ==> ignore
    arg [-lto_library] ==> ignore, skip following value
    arg [/Library/Developer/CommandLineTools/usr/lib/libLTO.dylib] ==> skip value of -lto_library
    arg [-dynamic] ==> ignore
    arg [-arch] ==> ignore
    arg [x86_64] ==> ignore
    arg [-macosx_version_min] ==> ignore
    arg [10.13.0] ==> ignore
    arg [-o] ==> ignore
    arg [cmTC_06d4a] ==> ignore
    arg [-search_paths_first] ==> ignore
    arg [-headerpad_max_install_names] ==> ignore
    arg [-v] ==> ignore
    arg [CMakeFiles/cmTC_06d4a.dir/CMakeCCompilerABI.c.o] ==> ignore
    arg [-lSystem] ==> lib [System]
    arg [/Library/Developer/CommandLineTools/usr/lib/clang/9.0.0/lib/darwin/libclang_rt.osx.a] ==> lib [/Library/Developer/CommandLineTools/usr/lib/clang/9.0.0/lib/darwin/libclang_rt.osx.a]
  Library search paths: [;/usr/lib;/usr/local/lib]
  Framework search paths: [;/Library/Frameworks/;/System/Library/Frameworks/]
  remove lib [System]
  remove lib [/Library/Developer/CommandLineTools/usr/lib/clang/9.0.0/lib/darwin/libclang_rt.osx.a]
  collapse library dir [/usr/lib] ==> [/usr/lib]
  collapse library dir [/usr/local/lib] ==> [/usr/local/lib]
  collapse framework dir [/Library/Frameworks/] ==> [/Library/Frameworks]
  collapse framework dir [/System/Library/Frameworks/] ==> [/System/Library/Frameworks]
  implicit libs: []
  implicit dirs: [/usr/lib;/usr/local/lib]
  implicit fwks: [/Library/Frameworks;/System/Library/Frameworks]




Detecting C [-std=c11] compiler features compiled with the following output:
Change Dir: /Users/simar/repos/CS534L-Social-Networks-Project/TIM/libomp/CMakeFiles/CMakeTmp

Run Build Command:"/usr/bin/make" "cmTC_e650b/fast"
/Library/Developer/CommandLineTools/usr/bin/make -f CMakeFiles/cmTC_e650b.dir/build.make CMakeFiles/cmTC_e650b.dir/build
Building C object CMakeFiles/cmTC_e650b.dir/feature_tests.c.o
/Library/Developer/CommandLineTools/usr/bin/cc   -std=c11 -o CMakeFiles/cmTC_e650b.dir/feature_tests.c.o   -c /Users/simar/repos/CS534L-Social-Networks-Project/TIM/libomp/CMakeFiles/feature_tests.c
Linking C executable cmTC_e650b
/usr/local/Cellar/cmake/3.10.1/bin/cmake -E cmake_link_script CMakeFiles/cmTC_e650b.dir/link.txt --verbose=1
/Library/Developer/CommandLineTools/usr/bin/cc   -Wl,-search_paths_first -Wl,-headerpad_max_install_names   CMakeFiles/cmTC_e650b.dir/feature_tests.c.o  -o cmTC_e650b 


    Feature record: C_FEATURE:1c_function_prototypes
    Feature record: C_FEATURE:1c_restrict
    Feature record: C_FEATURE:1c_static_assert
    Feature record: C_FEATURE:1c_variadic_macros


Detecting C [-std=c99] compiler features compiled with the following output:
Change Dir: /Users/simar/repos/CS534L-Social-Networks-Project/TIM/libomp/CMakeFiles/CMakeTmp

Run Build Command:"/usr/bin/make" "cmTC_48e05/fast"
/Library/Developer/CommandLineTools/usr/bin/make -f CMakeFiles/cmTC_48e05.dir/build.make CMakeFiles/cmTC_48e05.dir/build
Building C object CMakeFiles/cmTC_48e05.dir/feature_tests.c.o
/Library/Developer/CommandLineTools/usr/bin/cc   -std=c99 -o CMakeFiles/cmTC_48e05.dir/feature_tests.c.o   -c /Users/simar/repos/CS534L-Social-Networks-Project/TIM/libomp/CMakeFiles/feature_tests.c
Linking C executable cmTC_48e05
/usr/local/Cellar/cmake/3.10.1/bin/cmake -E cmake_link_script CMakeFiles/cmTC_48e05.dir/link.txt --verbose=1
/Library/Developer/CommandLineTools/usr/bin/cc   -Wl,-search_paths_first -Wl,-headerpad_max_install_names   CMakeFiles/cmTC_48e05.dir/feature_tests.c.o  -o cmTC_48e05 


    Feature record: C_FEATURE:1c_function_prototypes
    Feature record: C_FEATURE:1c_restrict
    Feature record: C_FEATURE:0c_static_assert
    Feature record: C_FEATURE:1c_variadic_macros


Detecting C [-std=c90] compiler features compiled with the following output:
Change Dir: /Users/simar/repos/CS534L-Social-Networks-Project/TIM/libomp/CMakeFiles/CMakeTmp

Run Build Command:"/usr/bin/make" "cmTC_a7abc/fast"
/Library/Developer/CommandLineTools/usr/bin/make -f CMakeFiles/cmTC_a7abc.dir/build.make CMakeFiles/cmTC_a7abc.dir/build
Building C object CMakeFiles/cmTC_a7abc.dir/feature_tests.c.o
/Library/Developer/CommandLineTools/usr/bin/cc   -std=c90 -o CMakeFiles/cmTC_a7abc.dir/feature_tests.c.o   -c /Users/simar/repos/CS534L-Social-Networks-Project/TIM/libomp/CMakeFiles/feature_tests.c
Linking C executable cmTC_a7abc
/usr/local/Cellar/cmake/3.10.1/bin/cmake -E cmake_link_script CMakeFiles/cmTC_a7abc.dir/link.txt --verbose=1
/Library/Developer/CommandLineTools/usr/bin/cc   -Wl,-search_paths_first -Wl,-headerpad_max_install_names   CMakeFiles/cmTC_a7abc.dir/feature_tests.c.o  -o cmTC_a7abc 


    Feature record: C_FEATURE:1c_function_prototypes
    Feature record: C_FEATURE:0c_restrict
    Feature record: C_FEATURE:0c_static_assert
    Feature record: C_FEATURE:0c_variadic_macros
Determining if the CXX compiler works passed with the following output:
Change Dir: /Users/simar/repos/CS534L-Social-Networks-Project/TIM/libomp/CMakeFiles/CMakeTmp

Run Build Command:"/usr/bin/make" "cmTC_fa7d6/fast"
/Library/Developer/CommandLineTools/usr/bin/make -f CMakeFiles/cmTC_fa7d6.dir/build.make CMakeFiles/cmTC_fa7d6.dir/build
Building CXX object CMakeFiles/cmTC_fa7d6.dir/testCXXCompiler.cxx.o
/Library/Developer/CommandLineTools/usr/bin/c++     -o CMakeFiles/cmTC_fa7d6.dir/testCXXCompiler.cxx.o -c /Users/simar/repos/CS534L-Social-Networks-Project/TIM/libomp/CMakeFiles/CMakeTmp/testCXXCompiler.cxx
Linking CXX executable cmTC_fa7d6
/usr/local/Cellar/cmake/3.10.1/bin/cmake -E cmake_link_script CMakeFiles/cmTC_fa7d6.dir/link.txt --verbose=1
/Library/Developer/CommandLineTools/usr/bin/c++    -Wl,-search_paths_first -Wl,-headerpad_max_install_names   CMakeFiles/cmTC_fa7d6.dir/testCXXCompiler.cxx.o  -o cmTC_fa7d6 


Detecting CXX compiler ABI info compiled with the following output:
Change Dir: /Users/simar/repos/CS534L-Social-Networks-Project/TIM/libomp/CMakeFiles/CMakeTmp

Run Build Command:"/usr/bin/make" "cmTC_29f71/fast"
/Library/Developer/CommandLineTools/usr/bin/make -f CMakeFiles/cmTC_29f71.dir/build.make CMakeFiles/cmTC_29f71.dir/build
Building CXX object CMakeFiles/cmTC_29f71.dir/CMakeCXXCompilerABI.cpp.o
/Library/Developer/CommandLineTools/usr/bin/c++     -o CMakeFiles/cmTC_29f71.dir/CMakeCXXCompilerABI.cpp.o -c /usr/local/Cellar/cmake/3.10.1/share/cmake/Modules/CMakeCXXCompilerABI.cpp
Linking CXX executable cmTC_29f71
/usr/local/Cellar/cmake/3.10.1/bin/cmake -E cmake_link_script CMakeFiles/cmTC_29f71.dir/link.txt --verbose=1
/Library/Developer/CommandLineTools/usr/bin/c++    -Wl,-search_paths_first -Wl,-headerpad_max_install_names  -v -Wl,-v CMakeFiles/cmTC_29f71.dir/CMakeCXXCompilerABI.cpp.o  -o cmTC_29f71 
Apple LLVM version 9.0.0 (clang-900.0.39.2)
Target: x86_64-apple-darwin17.2.0
Thread model: posix
InstalledDir: /Library/Developer/CommandLineTools/usr/bin
 "/Library/Developer/CommandLineTools/usr/bin/ld" -demangle -lto_library /Library/Developer/CommandLineTools/usr/lib/libLTO.dylib -dynamic -arch x86_64 -macosx_version_min 10.13.0 -o cmTC_29f71 -search_paths_first -headerpad_max_install_names -v CMakeFiles/cmTC_29f71.dir/CMakeCXXCompilerABI.cpp.o -lc++ -lSystem /Library/Developer/CommandLineTools/usr/lib/clang/9.0.0/lib/darwin/libclang_rt.osx.a
@(#)PROGRAM:ld  PROJECT:ld64-305
configured to support archs: armv6 armv7 armv7s arm64 i386 x86_64 x86_64h armv6m armv7k armv7m armv7em (tvOS)
Library search paths:
	/usr/lib
	/usr/local/lib
Framework search paths:
	/Library/Frameworks/
	/System/Library/Frameworks/


Parsed CXX implicit link information from above output:
  link line regex: [^( *|.*[/\])(ld|CMAKE_LINK_STARTFILE-NOTFOUND|([^/\]+-)?ld|collect2)[^/\]*( |$)]
  ignore line: [Change Dir: /Users/simar/repos/CS534L-Social-Networks-Project/TIM/libomp/CMakeFiles/CMakeTmp]
  ignore line: []
  ignore line: [Run Build Command:"/usr/bin/make" "cmTC_29f71/fast"]
  ignore line: [/Library/Developer/CommandLineTools/usr/bin/make -f CMakeFiles/cmTC_29f71.dir/build.make CMakeFiles/cmTC_29f71.dir/build]
  ignore line: [Building CXX object CMakeFiles/cmTC_29f71.dir/CMakeCXXCompilerABI.cpp.o]
  ignore line: [/Library/Developer/CommandLineTools/usr/bin/c++     -o CMakeFiles/cmTC_29f71.dir/CMakeCXXCompilerABI.cpp.o -c /usr/local/Cellar/cmake/3.10.1/share/cmake/Modules/CMakeCXXCompilerABI.cpp]
  ignore line: [Linking CXX executable cmTC_29f71]
  ignore line: [/usr/local/Cellar/cmake/3.10.1/bin/cmake -E cmake_link_script CMakeFiles/cmTC_29f71.dir/link.txt --verbose=1]
  ignore line: [/Library/Developer/CommandLineTools/usr/bin/c++    -Wl,-search_paths_first -Wl,-headerpad_max_install_names  -v -Wl,-v CMakeFiles/cmTC_29f71.dir/CMakeCXXCompilerABI.cpp.o  -o cmTC_29f71 ]
  ignore line: [Apple LLVM version 9.0.0 (clang-900.0.39.2)]
  ignore line: [Target: x86_64-apple-darwin17.2.0]
  ignore line: [Thread model: posix]
  ignore line: [InstalledDir: /Library/Developer/CommandLineTools/usr/bin]
  link line: [ "/Library/Developer/CommandLineTools/usr/bin/ld" -demangle -lto_library /Library/Developer/CommandLineTools/usr/lib/libLTO.dylib -dynamic -arch x86_64 -macosx_version_min 10.13.0 -o cmTC_29f71 -search_paths_first -headerpad_max_install_names -v CMakeFiles/cmTC_29f71.dir/CMakeCXXCompilerABI.cpp.o -lc++ -lSystem /Library/Developer/CommandLineTools/usr/lib/clang/9.0.0/lib/darwin/libclang_rt.osx.a]
    arg [/Library/Developer/CommandLineTools/usr/bin/ld] ==> ignore
    arg [-demangle] ==> ignore
    arg [-lto_library] ==> ignore, skip following value
    arg [/Library/Developer/CommandLineTools/usr/lib/libLTO.dylib] ==> skip value of -lto_library
    arg [-dynamic] ==> ignore
    arg [-arch] ==> ignore
    arg [x86_64] ==> ignore
    arg [-macosx_version_min] ==> ignore
    arg [10.13.0] ==> ignore
    arg [-o] ==> ignore
    arg [cmTC_29f71] ==> ignore
    arg [-search_paths_first] ==> ignore
    arg [-headerpad_max_install_names] ==> ignore
    arg [-v] ==> ignore
    arg [CMakeFiles/cmTC_29f71.dir/CMakeCXXCompilerABI.cpp.o] ==> ignore
    arg [-lc++] ==> lib [c++]
    arg [-lSystem] ==> lib [System]
    arg [/Library/Developer/CommandLineTools/usr/lib/clang/9.0.0/lib/darwin/libclang_rt.osx.a] ==> lib [/Library/Developer/CommandLineTools/usr/lib/clang/9.0.0/lib/darwin/libclang_rt.osx.a]
  Library search paths: [;/usr/lib;/usr/local/lib]
  Framework search paths: [;/Library/Frameworks/;/System/Library/Frameworks/]
  remove lib [System]
  remove lib [/Library/Developer/CommandLineTools/usr/lib/clang/9.0.0/lib/darwin/libclang_rt.osx.a]
  collapse library dir [/usr/lib] ==> [/usr/lib]
  collapse library dir [/usr/local/lib] ==> [/usr/local/lib]
  collapse framework dir [/Library/Frameworks/] ==> [/Library/Frameworks]
  collapse framework dir [/System/Library/Frameworks/] ==> [/System/Library/Frameworks]
  implicit libs: [c++]
  implicit dirs: [/usr/lib;/usr/local/lib]
  implicit fwks: [/Library/Frameworks;/System/Library/Frameworks]




Detecting CXX [-std=c++1z] compiler features compiled with the following output:
Change Dir: /Users/simar/repos/CS534L-Social-Networks-Project/TIM/libomp/CMakeFiles/CMakeTmp

Run Build Command:"/usr/bin/make" "cmTC_5458e/fast"
/Library/Developer/CommandLineTools/usr/bin/make -f CMakeFiles/cmTC_5458e.dir/build.make CMakeFiles/cmTC_5458e.dir/build
Building CXX object CMakeFiles/cmTC_5458e.dir/feature_tests.cxx.o
/Library/Developer/CommandLineTools/usr/bin/c++    -std=c++1z -o CMakeFiles/cmTC_5458e.dir/feature_tests.cxx.o -c /Users/simar/repos/CS534L-Social-Networks-Project/TIM/libomp/CMakeFiles/feature_tests.cxx
Linking CXX executable cmTC_5458e
/usr/local/Cellar/cmake/3.10.1/bin/cmake -E cmake_link_script CMakeFiles/cmTC_5458e.dir/link.txt --verbose=1
/Library/Developer/CommandLineTools/usr/bin/c++    -Wl,-search_paths_first -Wl,-headerpad_max_install_names   CMakeFiles/cmTC_5458e.dir/feature_tests.cxx.o  -o cmTC_5458e 


    Feature record: CXX_FEATURE:1cxx_aggregate_default_initializers
    Feature record: CXX_FEATURE:1cxx_alias_templates
    Feature record: CXX_FEATURE:1cxx_alignas
    Feature record: CXX_FEATURE:1cxx_alignof
    Feature record: CXX_FEATURE:1cxx_attributes
    Feature record: CXX_FEATURE:1cxx_attribute_deprecated
    Feature record: CXX_FEATURE:1cxx_auto_type
    Feature record: CXX_FEATURE:1cxx_binary_literals
    Feature record: CXX_FEATURE:1cxx_constexpr
    Feature record: CXX_FEATURE:1cxx_contextual_conversions
    Feature record: CXX_FEATURE:1cxx_decltype
    Feature record: CXX_FEATURE:1cxx_decltype_auto
    Feature record: CXX_FEATURE:1cxx_decltype_incomplete_return_types
    Feature record: CXX_FEATURE:1cxx_default_function_template_args
    Feature record: CXX_FEATURE:1cxx_defaulted_functions
    Feature record: CXX_FEATURE:1cxx_defaulted_move_initializers
    Feature record: CXX_FEATURE:1cxx_delegating_constructors
    Feature record: CXX_FEATURE:1cxx_deleted_functions
    Feature record: CXX_FEATURE:1cxx_digit_separators
    Feature record: CXX_FEATURE:1cxx_enum_forward_declarations
    Feature record: CXX_FEATURE:1cxx_explicit_conversions
    Feature record: CXX_FEATURE:1cxx_extended_friend_declarations
    Feature record: CXX_FEATURE:1cxx_extern_templates
    Feature record: CXX_FEATURE:1cxx_final
    Feature record: CXX_FEATURE:1cxx_func_identifier
    Feature record: CXX_FEATURE:1cxx_generalized_initializers
    Feature record: CXX_FEATURE:1cxx_generic_lambdas
    Feature record: CXX_FEATURE:1cxx_inheriting_constructors
    Feature record: CXX_FEATURE:1cxx_inline_namespaces
    Feature record: CXX_FEATURE:1cxx_lambdas
    Feature record: CXX_FEATURE:1cxx_lambda_init_captures
    Feature record: CXX_FEATURE:1cxx_local_type_template_args
    Feature record: CXX_FEATURE:1cxx_long_long_type
    Feature record: CXX_FEATURE:1cxx_noexcept
    Feature record: CXX_FEATURE:1cxx_nonstatic_member_init
    Feature record: CXX_FEATURE:1cxx_nullptr
    Feature record: CXX_FEATURE:1cxx_override
    Feature record: CXX_FEATURE:1cxx_range_for
    Feature record: CXX_FEATURE:1cxx_raw_string_literals
    Feature record: CXX_FEATURE:1cxx_reference_qualified_functions
    Feature record: CXX_FEATURE:1cxx_relaxed_constexpr
    Feature record: CXX_FEATURE:1cxx_return_type_deduction
    Feature record: CXX_FEATURE:1cxx_right_angle_brackets
    Feature record: CXX_FEATURE:1cxx_rvalue_references
    Feature record: CXX_FEATURE:1cxx_sizeof_member
    Feature record: CXX_FEATURE:1cxx_static_assert
    Feature record: CXX_FEATURE:1cxx_strong_enums
    Feature record: CXX_FEATURE:1cxx_template_template_parameters
    Feature record: CXX_FEATURE:1cxx_thread_local
    Feature record: CXX_FEATURE:1cxx_trailing_return_types
    Feature record: CXX_FEATURE:1cxx_unicode_literals
    Feature record: CXX_FEATURE:1cxx_uniform_initialization
    Feature record: CXX_FEATURE:1cxx_unrestricted_unions
    Feature record: CXX_FEATURE:1cxx_user_literals
    Feature record: CXX_FEATURE:1cxx_variable_templates
    Feature record: CXX_FEATURE:1cxx_variadic_macros
    Feature record: CXX_FEATURE:1cxx_variadic_templates


Detecting CXX [-std=c++14] compiler features compiled with the following output:
Change Dir: /Users/simar/repos/CS534L-Social-Networks-Project/TIM/libomp/CMakeFiles/CMakeTmp

Run Build Command:"/usr/bin/make" "cmTC_2e884/fast"
/Library/Developer/CommandLineTools/usr/bin/make -f CMakeFiles/cmTC_2e884.dir/build.make CMakeFiles/cmTC_2e884.dir/build
Building CXX object CMakeFiles/cmTC_2e884.dir/feature_tests.cxx.o
/Library/Developer/CommandLineTools/usr/bin/c++    -std=c++14 -o CMakeFiles/cmTC_2e884.dir/feature_tests.cxx.o -c /Users/simar/repos/CS534L-Social-Networks-Project/TIM/libomp/CMakeFiles/feature_tests.cxx
Linking CXX executable cmTC_2e884
/usr/local/Cellar/cmake/3.10.1/bin/cmake -E cmake_link_script CMakeFiles/cmTC_2e884.dir/link.txt --verbose=1
/Library/Developer/CommandLineTools/usr/bin/c++    -Wl,-search_paths_first -Wl,-headerpad_max_install_names   CMakeFiles/cmTC_2e884.dir/feature_tests.cxx.o  -o cmTC_2e884 


    Feature record: CXX_FEATURE:1cxx_aggregate_default_initializers
    Feature record: CXX_FEATURE:1cxx_alias_templates
    Feature record: CXX_FEATURE:1cxx_alignas
    Feature record: CXX_FEATURE:1cxx_alignof
    Feature record: CXX_FEATURE:1cxx_attributes
    Feature record: CXX_FEATURE:1cxx_attribute_deprecated
    Feature record: CXX_FEATURE:1cxx_auto_type
    Feature record: CXX_FEATURE:1cxx_binary_literals
    Feature record: CXX_FEATURE:1cxx_constexpr
    Feature record: CXX_FEATURE:1cxx_contextual_conversions
    Feature record: CXX_FEATURE:1cxx_decltype
    Feature record: CXX_FEATURE:1cxx_decltype_auto
    Feature record: CXX_FEATURE:1cxx_decltype_incomplete_return_types
    Feature record: CXX_FEATURE:1cxx_default_function_template_args
    Feature record: CXX_FEATURE:1cxx_defaulted_functions
    Feature record: CXX_FEATURE:1cxx_defaulted_move_initializers
    Feature record: CXX_FEATURE:1cxx_delegating_constructors
    Feature record: CXX_FEATURE:1cxx_deleted_functions
    Feature record: CXX_FEATURE:1cxx_digit_separators
    Feature record: CXX_FEATURE:1cxx_enum_forward_declarations
    Feature record: CXX_FEATURE:1cxx_explicit_conversions
    Feature record: CXX_FEATURE:1cxx_extended_friend_declarations
    Feature record: CXX_FEATURE:1cxx_extern_templates
    Feature record: CXX_FEATURE:1cxx_final
    Feature record: CXX_FEATURE:1cxx_func_identifier
    Feature record: CXX_FEATURE:1cxx_generalized_initializers
    Feature record: CXX_FEATURE:1cxx_generic_lambdas
    Feature record: CXX_FEATURE:1cxx_inheriting_constructors
    Feature record: CXX_FEATURE:1cxx_inline_namespaces
    Feature record: CXX_FEATURE:1cxx_lambdas
    Feature record: CXX_FEATURE:1cxx_lambda_init_captures
    Feature record: CXX_FEATURE:1cxx_local_type_template_args
    Feature record: CXX_FEATURE:1cxx_long_long_type
    Feature record: CXX_FEATURE:1cxx_noexcept
    Feature record: CXX_FEATURE:1cxx_nonstatic_member_init
    Feature record: CXX_FEATURE:1cxx_nullptr
    Feature record: CXX_FEATURE:1cxx_override
    Feature record: CXX_FEATURE:1cxx_range_for
    Feature record: CXX_FEATURE:1cxx_raw_string_literals
    Feature record: CXX_FEATURE:1cxx_reference_qualified_functions
    Feature record: CXX_FEATURE:1cxx_relaxed_constexpr
    Feature record: CXX_FEATURE:1cxx_return_type_deduction
    Feature record: CXX_FEATURE:1cxx_right_angle_brackets
    Feature record: CXX_FEATURE:1cxx_rvalue_references
    Feature record: CXX_FEATURE:1cxx_sizeof_member
    Feature record: CXX_FEATURE:1cxx_static_assert
    Feature record: CXX_FEATURE:1cxx_strong_enums
    Feature record: CXX_FEATURE:1cxx_template_template_parameters
    Feature record: CXX_FEATURE:1cxx_thread_local
    Feature record: CXX_FEATURE:1cxx_trailing_return_types
    Feature record: CXX_FEATURE:1cxx_unicode_literals
    Feature record: CXX_FEATURE:1cxx_uniform_initialization
    Feature record: CXX_FEATURE:1cxx_unrestricted_unions
    Feature record: CXX_FEATURE:1cxx_user_literals
    Feature record: CXX_FEATURE:1cxx_variable_templates
    Feature record: CXX_FEATURE:1cxx_variadic_macros
    Feature record: CXX_FEATURE:1cxx_variadic_templates


Detecting CXX [-std=c++11] compiler features compiled with the following output:
Change Dir: /Users/simar/repos/CS534L-Social-Networks-Project/TIM/libomp/CMakeFiles/CMakeTmp

Run Build Command:"/usr/bin/make" "cmTC_49d82/fast"
/Library/Developer/CommandLineTools/usr/bin/make -f CMakeFiles/cmTC_49d82.dir/build.make CMakeFiles/cmTC_49d82.dir/build
Building CXX object CMakeFiles/cmTC_49d82.dir/feature_tests.cxx.o
/Library/Developer/CommandLineTools/usr/bin/c++    -std=c++11 -o CMakeFiles/cmTC_49d82.dir/feature_tests.cxx.o -c /Users/simar/repos/CS534L-Social-Networks-Project/TIM/libomp/CMakeFiles/feature_tests.cxx
Linking CXX executable cmTC_49d82
/usr/local/Cellar/cmake/3.10.1/bin/cmake -E cmake_link_script CMakeFiles/cmTC_49d82.dir/link.txt --verbose=1
/Library/Developer/CommandLineTools/usr/bin/c++    -Wl,-search_paths_first -Wl,-headerpad_max_install_names   CMakeFiles/cmTC_49d82.dir/feature_tests.cxx.o  -o cmTC_49d82 


    Feature record: CXX_FEATURE:0cxx_aggregate_default_initializers
    Feature record: CXX_FEATURE:1cxx_alias_templates
    Feature record: CXX_FEATURE:1cxx_alignas
    Feature record: CXX_FEATURE:1cxx_alignof
    Feature record: CXX_FEATURE:1cxx_attributes
    Feature record: CXX_FEATURE:0cxx_attribute_deprecated
    Feature record: CXX_FEATURE:1cxx_auto_type
    Feature record: CXX_FEATURE:0cxx_binary_literals
    Feature record: CXX_FEATURE:1cxx_constexpr
    Feature record: CXX_FEATURE:0cxx_contextual_conversions
    Feature record: CXX_FEATURE:1cxx_decltype
    Feature record: CXX_FEATURE:0cxx_decltype_auto
    Feature record: CXX_FEATURE:1cxx_decltype_incomplete_return_types
    Feature record: CXX_FEATURE:1cxx_default_function_template_args
    Feature record: CXX_FEATURE:1cxx_defaulted_functions
    Feature record: CXX_FEATURE:1cxx_defaulted_move_initializers
    Feature record: CXX_FEATURE:1cxx_delegating_constructors
    Feature record: CXX_FEATURE:1cxx_deleted_functions
    Feature record: CXX_FEATURE:0cxx_digit_separators
    Feature record: CXX_FEATURE:1cxx_enum_forward_declarations
    Feature record: CXX_FEATURE:1cxx_explicit_conversions
    Feature record: CXX_FEATURE:1cxx_extended_friend_declarations
    Feature record: CXX_FEATURE:1cxx_extern_templates
    Feature record: CXX_FEATURE:1cxx_final
    Feature record: CXX_FEATURE:1cxx_func_identifier
    Feature record: CXX_FEATURE:1cxx_generalized_initializers
    Feature record: CXX_FEATURE:0cxx_generic_lambdas
    Feature record: CXX_FEATURE:1cxx_inheriting_constructors
    Feature record: CXX_FEATURE:1cxx_inline_namespaces
    Feature record: CXX_FEATURE:1cxx_lambdas
    Feature record: CXX_FEATURE:0cxx_lambda_init_captures
    Feature record: CXX_FEATURE:1cxx_local_type_template_args
    Feature record: CXX_FEATURE:1cxx_long_long_type
    Feature record: CXX_FEATURE:1cxx_noexcept
    Feature record: CXX_FEATURE:1cxx_nonstatic_member_init
    Feature record: CXX_FEATURE:1cxx_nullptr
    Feature record: CXX_FEATURE:1cxx_override
    Feature record: CXX_FEATURE:1cxx_range_for
    Feature record: CXX_FEATURE:1cxx_raw_string_literals
    Feature record: CXX_FEATURE:1cxx_reference_qualified_functions
    Feature record: CXX_FEATURE:0cxx_relaxed_constexpr
    Feature record: CXX_FEATURE:0cxx_return_type_deduction
    Feature record: CXX_FEATURE:1cxx_right_angle_brackets
    Feature record: CXX_FEATURE:1cxx_rvalue_references
    Feature record: CXX_FEATURE:1cxx_sizeof_member
    Feature record: CXX_FEATURE:1cxx_static_assert
    Feature record: CXX_FEATURE:1cxx_strong_enums
    Feature record: CXX_FEATURE:1cxx_template_template_parameters
    Feature record: CXX_FEATURE:1cxx_thread_local
    Feature record: CXX_FEATURE:1cxx_trailing_return_types
    Feature record: CXX_FEATURE:1cxx_unicode_literals
    Feature record: CXX_FEATURE:1cxx_uniform_initialization
    Feature record: CXX_FEATURE:1cxx_unrestricted_unions
    Feature record: CXX_FEATURE:1cxx_user_literals
    Feature record: CXX_FEATURE:0cxx_variable_templates
    Feature record: CXX_FEATURE:1cxx_variadic_macros
    Feature record: CXX_FEATURE:1cxx_variadic_templates


Detecting CXX [-std=c++98] compiler features compiled with the following output:
Change Dir: /Users/simar/repos/CS534L-Social-Networks-Project/TIM/libomp/CMakeFiles/CMakeTmp

Run Build Command:"/usr/bin/make" "cmTC_87ed7/fast"
/Library/Developer/CommandLineTools/usr/bin/make -f CMakeFiles/cmTC_87ed7.dir/build.make CMakeFiles/cmTC_87ed7.dir/build
Building CXX object CMakeFiles/cmTC_87ed7.dir/feature_tests.cxx.o
/Library/Developer/CommandLineTools/usr/bin/c++    -std=c++98 -o CMakeFiles/cmTC_87ed7.dir/feature_tests.cxx.o -c /Users/simar/repos/CS534L-Social-Networks-Project/TIM/libomp/CMakeFiles/feature_tests.cxx
Linking CXX executable cmTC_87ed7
/usr/local/Cellar/cmake/3.10.1/bin/cmake -E cmake_link_script CMakeFiles/cmTC_87ed7.dir/link.txt --verbose=1
/Library/Developer/CommandLineTools/usr/bin/c++    -Wl,-search_paths_first -Wl,-headerpad_max_install_names   CMakeFiles/cmTC_87ed7.dir/feature_tests.cxx.o  -o cmTC_87ed7 


    Feature record: CXX_FEATURE:0cxx_aggregate_default_initializers
    Feature record: CXX_FEATURE:0cxx_alias_templates
    Feature record: CXX_FEATURE:0cxx_alignas
    Feature record: CXX_FEATURE:0cxx_alignof
    Feature record: CXX_FEATURE:0cxx_attributes
    Feature record: CXX_FEATURE:0cxx_attribute_deprecated
    Feature record: CXX_FEATURE:0cxx_auto_type
    Feature record: CXX_FEATURE:0cxx_binary_literals
    Feature record: CXX_FEATURE:0cxx_constexpr
    Feature record: CXX_FEATURE:0cxx_contextual_conversions
    Feature record: CXX_FEATURE:0cxx_decltype
    Feature record: CXX_FEATURE:0cxx_decltype_auto
    Feature record: CXX_FEATURE:0cxx_decltype_incomplete_return_types
    Feature record: CXX_FEATURE:0cxx_default_function_template_args
    Feature record: CXX_FEATURE:0cxx_defaulted_functions
    Feature record: CXX_FEATURE:0cxx_defaulted_move_initializers
    Feature record: CXX_FEATURE:0cxx_delegating_constructors
    Feature record: CXX_FEATURE:0cxx_deleted_functions
    Feature record: CXX_FEATURE:0cxx_digit_separators
    Feature record: CXX_FEATURE:0cxx_enum_forward_declarations
    Feature record: CXX_FEATURE:0cxx_explicit_conversions
    Feature record: CXX_FEATURE:0cxx_extended_friend_declarations
    Feature record: CXX_FEATURE:0cxx_extern_templates
    Feature record: CXX_FEATURE:0cxx_final
    Feature record: CXX_FEATURE:0cxx_func_identifier
    Feature record: CXX_FEATURE:0cxx_generalized_initializers
    Feature record: CXX_FEATURE:0cxx_generic_lambdas
    Feature record: CXX_FEATURE:0cxx_inheriting_constructors
    Feature record: CXX_FEATURE:0cxx_inline_namespaces
    Feature record: CXX_FEATURE:0cxx_lambdas
    Feature record: CXX_FEATURE:0cxx_lambda_init_captures
    Feature record: CXX_FEATURE:0cxx_local_type_template_args
    Feature record: CXX_FEATURE:0cxx_long_long_type
    Feature record: CXX_FEATURE:0cxx_noexcept
    Feature record: CXX_FEATURE:0cxx_nonstatic_member_init
    Feature record: CXX_FEATURE:0cxx_nullptr
    Feature record: CXX_FEATURE:0cxx_override
    Feature record: CXX_FEATURE:0cxx_range_for
    Feature record: CXX_FEATURE:0cxx_raw_string_literals
    Feature record: CXX_FEATURE:0cxx_reference_qualified_functions
    Feature record: CXX_FEATURE:0cxx_relaxed_constexpr
    Feature record: CXX_FEATURE:0cxx_return_type_deduction
    Feature record: CXX_FEATURE:0cxx_right_angle_brackets
    Feature record: CXX_FEATURE:0cxx_rvalue_references
    Feature record: CXX_FEATURE:0cxx_sizeof_member
    Feature record: CXX_FEATURE:0cxx_static_assert
    Feature record: CXX_FEATURE:0cxx_strong_enums
    Feature record: CXX_FEATURE:1cxx_template_template_parameters
    Feature record: CXX_FEATURE:0cxx_thread_local
    Feature record: CXX_FEATURE:0cxx_trailing_return_types
    Feature record: CXX_FEATURE:0cxx_unicode_literals
    Feature record: CXX_FEATURE:0cxx_uniform_initialization
    Feature record: CXX_FEATURE:0cxx_unrestricted_unions
    Feature record: CXX_FEATURE:0cxx_user_literals
    Feature record: CXX_FEATURE:0cxx_variable_templates
    Feature record: CXX_FEATURE:0cxx_variadic_macros
    Feature record: CXX_FEATURE:0cxx_variadic_templates
Performing C SOURCE FILE Test OPENMP_HAVE_WERROR_FLAG succeeded with the following output:
Change Dir: /Users/simar/repos/CS534L-Social-Networks-Project/TIM/libomp/CMakeFiles/CMakeTmp

Run Build Command:"/usr/bin/make" "cmTC_1ce57/fast"
/Library/Developer/CommandLineTools/usr/bin/make -f CMakeFiles/cmTC_1ce57.dir/build.make CMakeFiles/cmTC_1ce57.dir/build
Building C object CMakeFiles/cmTC_1ce57.dir/src.c.o
/Library/Developer/CommandLineTools/usr/bin/cc   -DOPENMP_HAVE_WERROR_FLAG   -Werror -o CMakeFiles/cmTC_1ce57.dir/src.c.o   -c /Users/simar/repos/CS534L-Social-Networks-Project/TIM/libomp/CMakeFiles/CMakeTmp/src.c
Linking C executable cmTC_1ce57
/usr/local/Cellar/cmake/3.10.1/bin/cmake -E cmake_link_script CMakeFiles/cmTC_1ce57.dir/link.txt --verbose=1
/Library/Developer/CommandLineTools/usr/bin/cc  -DOPENMP_HAVE_WERROR_FLAG -Wl,-search_paths_first -Wl,-headerpad_max_install_names   CMakeFiles/cmTC_1ce57.dir/src.c.o  -o cmTC_1ce57 

Source file was:
int main(void) { return 0; }
Performing C++ SOURCE FILE Test OPENMP_HAVE_STD_CPP11_FLAG succeeded with the following output:
Change Dir: /Users/simar/repos/CS534L-Social-Networks-Project/TIM/libomp/CMakeFiles/CMakeTmp

Run Build Command:"/usr/bin/make" "cmTC_8de2b/fast"
/Library/Developer/CommandLineTools/usr/bin/make -f CMakeFiles/cmTC_8de2b.dir/build.make CMakeFiles/cmTC_8de2b.dir/build
Building CXX object CMakeFiles/cmTC_8de2b.dir/src.cxx.o
/Library/Developer/CommandLineTools/usr/bin/c++    -DOPENMP_HAVE_STD_CPP11_FLAG   -std=c++11 -o CMakeFiles/cmTC_8de2b.dir/src.cxx.o -c /Users/simar/repos/CS534L-Social-Networks-Project/TIM/libomp/CMakeFiles/CMakeTmp/src.cxx
Linking CXX executable cmTC_8de2b
/usr/local/Cellar/cmake/3.10.1/bin/cmake -E cmake_link_script CMakeFiles/cmTC_8de2b.dir/link.txt --verbose=1
/Library/Developer/CommandLineTools/usr/bin/c++   -DOPENMP_HAVE_STD_CPP11_FLAG -Wl,-search_paths_first -Wl,-headerpad_max_install_names   CMakeFiles/cmTC_8de2b.dir/src.cxx.o  -o cmTC_8de2b 

Source file was:
int main() { return 0; }
Performing C++ SOURCE FILE Test LIBOMP_HAVE_FNO_EXCEPTIONS_FLAG succeeded with the following output:
Change Dir: /Users/simar/repos/CS534L-Social-Networks-Project/TIM/libomp/CMakeFiles/CMakeTmp

Run Build Command:"/usr/bin/make" "cmTC_34d62/fast"
/Library/Developer/CommandLineTools/usr/bin/make -f CMakeFiles/cmTC_34d62.dir/build.make CMakeFiles/cmTC_34d62.dir/build
Building CXX object CMakeFiles/cmTC_34d62.dir/src.cxx.o
/Library/Developer/CommandLineTools/usr/bin/c++    -std=c++11 -DLIBOMP_HAVE_FNO_EXCEPTIONS_FLAG   -fno-exceptions -o CMakeFiles/cmTC_34d62.dir/src.cxx.o -c /Users/simar/repos/CS534L-Social-Networks-Project/TIM/libomp/CMakeFiles/CMakeTmp/src.cxx
Linking CXX executable cmTC_34d62
/usr/local/Cellar/cmake/3.10.1/bin/cmake -E cmake_link_script CMakeFiles/cmTC_34d62.dir/link.txt --verbose=1
/Library/Developer/CommandLineTools/usr/bin/c++   -std=c++11 -DLIBOMP_HAVE_FNO_EXCEPTIONS_FLAG -Wl,-search_paths_first -Wl,-headerpad_max_install_names   CMakeFiles/cmTC_34d62.dir/src.cxx.o  -o cmTC_34d62 

Source file was:
int main() { return 0; }
Performing C++ SOURCE FILE Test LIBOMP_HAVE_FNO_RTTI_FLAG succeeded with the following output:
Change Dir: /Users/simar/repos/CS534L-Social-Networks-Project/TIM/libomp/CMakeFiles/CMakeTmp

Run Build Command:"/usr/bin/make" "cmTC_be2d0/fast"
/Library/Developer/CommandLineTools/usr/bin/make -f CMakeFiles/cmTC_be2d0.dir/build.make CMakeFiles/cmTC_be2d0.dir/build
Building CXX object CMakeFiles/cmTC_be2d0.dir/src.cxx.o
/Library/Developer/CommandLineTools/usr/bin/c++    -std=c++11 -DLIBOMP_HAVE_FNO_RTTI_FLAG   -fno-rtti -o CMakeFiles/cmTC_be2d0.dir/src.cxx.o -c /Users/simar/repos/CS534L-Social-Networks-Project/TIM/libomp/CMakeFiles/CMakeTmp/src.cxx
Linking CXX executable cmTC_be2d0
/usr/local/Cellar/cmake/3.10.1/bin/cmake -E cmake_link_script CMakeFiles/cmTC_be2d0.dir/link.txt --verbose=1
/Library/Developer/CommandLineTools/usr/bin/c++   -std=c++11 -DLIBOMP_HAVE_FNO_RTTI_FLAG -Wl,-search_paths_first -Wl,-headerpad_max_install_names   CMakeFiles/cmTC_be2d0.dir/src.cxx.o  -o cmTC_be2d0 

Source file was:
int main() { return 0; }
Performing C SOURCE FILE Test LIBOMP_HAVE_X_CPP_FLAG succeeded with the following output:
Change Dir: /Users/simar/repos/CS534L-Social-Networks-Project/TIM/libomp/CMakeFiles/CMakeTmp

Run Build Command:"/usr/bin/make" "cmTC_12a2c/fast"
/Library/Developer/CommandLineTools/usr/bin/make -f CMakeFiles/cmTC_12a2c.dir/build.make CMakeFiles/cmTC_12a2c.dir/build
Building C object CMakeFiles/cmTC_12a2c.dir/src.c.o
/Library/Developer/CommandLineTools/usr/bin/cc   -DLIBOMP_HAVE_X_CPP_FLAG   -x c++ -o CMakeFiles/cmTC_12a2c.dir/src.c.o   -c /Users/simar/repos/CS534L-Social-Networks-Project/TIM/libomp/CMakeFiles/CMakeTmp/src.c
Linking C executable cmTC_12a2c
/usr/local/Cellar/cmake/3.10.1/bin/cmake -E cmake_link_script CMakeFiles/cmTC_12a2c.dir/link.txt --verbose=1
/Library/Developer/CommandLineTools/usr/bin/cc  -DLIBOMP_HAVE_X_CPP_FLAG -Wl,-search_paths_first -Wl,-headerpad_max_install_names   CMakeFiles/cmTC_12a2c.dir/src.c.o  -o cmTC_12a2c 

Source file was:
int main(void) { return 0; }
Performing C SOURCE FILE Test LIBOMP_HAVE_WNO_UNUSED_FUNCTION_FLAG succeeded with the following output:
Change Dir: /Users/simar/repos/CS534L-Social-Networks-Project/TIM/libomp/CMakeFiles/CMakeTmp

Run Build Command:"/usr/bin/make" "cmTC_b2942/fast"
/Library/Developer/CommandLineTools/usr/bin/make -f CMakeFiles/cmTC_b2942.dir/build.make CMakeFiles/cmTC_b2942.dir/build
Building C object CMakeFiles/cmTC_b2942.dir/src.c.o
/Library/Developer/CommandLineTools/usr/bin/cc   -DLIBOMP_HAVE_WNO_UNUSED_FUNCTION_FLAG   -Wunused-function -o CMakeFiles/cmTC_b2942.dir/src.c.o   -c /Users/simar/repos/CS534L-Social-Networks-Project/TIM/libomp/CMakeFiles/CMakeTmp/src.c
Linking C executable cmTC_b2942
/usr/local/Cellar/cmake/3.10.1/bin/cmake -E cmake_link_script CMakeFiles/cmTC_b2942.dir/link.txt --verbose=1
/Library/Developer/CommandLineTools/usr/bin/cc  -DLIBOMP_HAVE_WNO_UNUSED_FUNCTION_FLAG -Wl,-search_paths_first -Wl,-headerpad_max_install_names   CMakeFiles/cmTC_b2942.dir/src.c.o  -o cmTC_b2942 

Source file was:
int main(void) { return 0; }
Performing C SOURCE FILE Test LIBOMP_HAVE_WNO_UNUSED_LOCAL_TYPEDEF_FLAG succeeded with the following output:
Change Dir: /Users/simar/repos/CS534L-Social-Networks-Project/TIM/libomp/CMakeFiles/CMakeTmp

Run Build Command:"/usr/bin/make" "cmTC_c7d91/fast"
/Library/Developer/CommandLineTools/usr/bin/make -f CMakeFiles/cmTC_c7d91.dir/build.make CMakeFiles/cmTC_c7d91.dir/build
Building C object CMakeFiles/cmTC_c7d91.dir/src.c.o
/Library/Developer/CommandLineTools/usr/bin/cc   -DLIBOMP_HAVE_WNO_UNUSED_LOCAL_TYPEDEF_FLAG   -Wunused-local-typedef -o CMakeFiles/cmTC_c7d91.dir/src.c.o   -c /Users/simar/repos/CS534L-Social-Networks-Project/TIM/libomp/CMakeFiles/CMakeTmp/src.c
Linking C executable cmTC_c7d91
/usr/local/Cellar/cmake/3.10.1/bin/cmake -E cmake_link_script CMakeFiles/cmTC_c7d91.dir/link.txt --verbose=1
/Library/Developer/CommandLineTools/usr/bin/cc  -DLIBOMP_HAVE_WNO_UNUSED_LOCAL_TYPEDEF_FLAG -Wl,-search_paths_first -Wl,-headerpad_max_install_names   CMakeFiles/cmTC_c7d91.dir/src.c.o  -o cmTC_c7d91 

Source file was:
int main(void) { return 0; }
Performing C SOURCE FILE Test LIBOMP_HAVE_WNO_UNUSED_VALUE_FLAG succeeded with the following output:
Change Dir: /Users/simar/repos/CS534L-Social-Networks-Project/TIM/libomp/CMakeFiles/CMakeTmp

Run Build Command:"/usr/bin/make" "cmTC_affba/fast"
/Library/Developer/CommandLineTools/usr/bin/make -f CMakeFiles/cmTC_affba.dir/build.make CMakeFiles/cmTC_affba.dir/build
Building C object CMakeFiles/cmTC_affba.dir/src.c.o
/Library/Developer/CommandLineTools/usr/bin/cc   -DLIBOMP_HAVE_WNO_UNUSED_VALUE_FLAG   -Wunused-value -o CMakeFiles/cmTC_affba.dir/src.c.o   -c /Users/simar/repos/CS534L-Social-Networks-Project/TIM/libomp/CMakeFiles/CMakeTmp/src.c
Linking C executable cmTC_affba
/usr/local/Cellar/cmake/3.10.1/bin/cmake -E cmake_link_script CMakeFiles/cmTC_affba.dir/link.txt --verbose=1
/Library/Developer/CommandLineTools/usr/bin/cc  -DLIBOMP_HAVE_WNO_UNUSED_VALUE_FLAG -Wl,-search_paths_first -Wl,-headerpad_max_install_names   CMakeFiles/cmTC_affba.dir/src.c.o  -o cmTC_affba 

Source file was:
int main(void) { return 0; }
Performing C SOURCE FILE Test LIBOMP_HAVE_WNO_UNUSED_VARIABLE_FLAG succeeded with the following output:
Change Dir: /Users/simar/repos/CS534L-Social-Networks-Project/TIM/libomp/CMakeFiles/CMakeTmp

Run Build Command:"/usr/bin/make" "cmTC_a7a60/fast"
/Library/Developer/CommandLineTools/usr/bin/make -f CMakeFiles/cmTC_a7a60.dir/build.make CMakeFiles/cmTC_a7a60.dir/build
Building C object CMakeFiles/cmTC_a7a60.dir/src.c.o
/Library/Developer/CommandLineTools/usr/bin/cc   -DLIBOMP_HAVE_WNO_UNUSED_VARIABLE_FLAG   -Wunused-variable -o CMakeFiles/cmTC_a7a60.dir/src.c.o   -c /Users/simar/repos/CS534L-Social-Networks-Project/TIM/libomp/CMakeFiles/CMakeTmp/src.c
Linking C executable cmTC_a7a60
/usr/local/Cellar/cmake/3.10.1/bin/cmake -E cmake_link_script CMakeFiles/cmTC_a7a60.dir/link.txt --verbose=1
/Library/Developer/CommandLineTools/usr/bin/cc  -DLIBOMP_HAVE_WNO_UNUSED_VARIABLE_FLAG -Wl,-search_paths_first -Wl,-headerpad_max_install_names   CMakeFiles/cmTC_a7a60.dir/src.c.o  -o cmTC_a7a60 

Source file was:
int main(void) { return 0; }
Performing C SOURCE FILE Test LIBOMP_HAVE_WNO_SWITCH_FLAG succeeded with the following output:
Change Dir: /Users/simar/repos/CS534L-Social-Networks-Project/TIM/libomp/CMakeFiles/CMakeTmp

Run Build Command:"/usr/bin/make" "cmTC_9b27d/fast"
/Library/Developer/CommandLineTools/usr/bin/make -f CMakeFiles/cmTC_9b27d.dir/build.make CMakeFiles/cmTC_9b27d.dir/build
Building C object CMakeFiles/cmTC_9b27d.dir/src.c.o
/Library/Developer/CommandLineTools/usr/bin/cc   -DLIBOMP_HAVE_WNO_SWITCH_FLAG   -Wswitch -o CMakeFiles/cmTC_9b27d.dir/src.c.o   -c /Users/simar/repos/CS534L-Social-Networks-Project/TIM/libomp/CMakeFiles/CMakeTmp/src.c
Linking C executable cmTC_9b27d
/usr/local/Cellar/cmake/3.10.1/bin/cmake -E cmake_link_script CMakeFiles/cmTC_9b27d.dir/link.txt --verbose=1
/Library/Developer/CommandLineTools/usr/bin/cc  -DLIBOMP_HAVE_WNO_SWITCH_FLAG -Wl,-search_paths_first -Wl,-headerpad_max_install_names   CMakeFiles/cmTC_9b27d.dir/src.c.o  -o cmTC_9b27d 

Source file was:
int main(void) { return 0; }
Performing C SOURCE FILE Test LIBOMP_HAVE_WNO_COVERED_SWITCH_DEFAULT_FLAG succeeded with the following output:
Change Dir: /Users/simar/repos/CS534L-Social-Networks-Project/TIM/libomp/CMakeFiles/CMakeTmp

Run Build Command:"/usr/bin/make" "cmTC_8ef8f/fast"
/Library/Developer/CommandLineTools/usr/bin/make -f CMakeFiles/cmTC_8ef8f.dir/build.make CMakeFiles/cmTC_8ef8f.dir/build
Building C object CMakeFiles/cmTC_8ef8f.dir/src.c.o
/Library/Developer/CommandLineTools/usr/bin/cc   -DLIBOMP_HAVE_WNO_COVERED_SWITCH_DEFAULT_FLAG   -Wcovered-switch-default -o CMakeFiles/cmTC_8ef8f.dir/src.c.o   -c /Users/simar/repos/CS534L-Social-Networks-Project/TIM/libomp/CMakeFiles/CMakeTmp/src.c
Linking C executable cmTC_8ef8f
/usr/local/Cellar/cmake/3.10.1/bin/cmake -E cmake_link_script CMakeFiles/cmTC_8ef8f.dir/link.txt --verbose=1
/Library/Developer/CommandLineTools/usr/bin/cc  -DLIBOMP_HAVE_WNO_COVERED_SWITCH_DEFAULT_FLAG -Wl,-search_paths_first -Wl,-headerpad_max_install_names   CMakeFiles/cmTC_8ef8f.dir/src.c.o  -o cmTC_8ef8f 

Source file was:
int main(void) { return 0; }
Performing C SOURCE FILE Test LIBOMP_HAVE_WNO_DEPRECATED_REGISTER_FLAG succeeded with the following output:
Change Dir: /Users/simar/repos/CS534L-Social-Networks-Project/TIM/libomp/CMakeFiles/CMakeTmp

Run Build Command:"/usr/bin/make" "cmTC_68f5a/fast"
/Library/Developer/CommandLineTools/usr/bin/make -f CMakeFiles/cmTC_68f5a.dir/build.make CMakeFiles/cmTC_68f5a.dir/build
Building C object CMakeFiles/cmTC_68f5a.dir/src.c.o
/Library/Developer/CommandLineTools/usr/bin/cc   -DLIBOMP_HAVE_WNO_DEPRECATED_REGISTER_FLAG   -Wdeprecated-register -o CMakeFiles/cmTC_68f5a.dir/src.c.o   -c /Users/simar/repos/CS534L-Social-Networks-Project/TIM/libomp/CMakeFiles/CMakeTmp/src.c
Linking C executable cmTC_68f5a
/usr/local/Cellar/cmake/3.10.1/bin/cmake -E cmake_link_script CMakeFiles/cmTC_68f5a.dir/link.txt --verbose=1
/Library/Developer/CommandLineTools/usr/bin/cc  -DLIBOMP_HAVE_WNO_DEPRECATED_REGISTER_FLAG -Wl,-search_paths_first -Wl,-headerpad_max_install_names   CMakeFiles/cmTC_68f5a.dir/src.c.o  -o cmTC_68f5a 

Source file was:
int main(void) { return 0; }
Performing C SOURCE FILE Test LIBOMP_HAVE_WNO_SIGN_COMPARE_FLAG succeeded with the following output:
Change Dir: /Users/simar/repos/CS534L-Social-Networks-Project/TIM/libomp/CMakeFiles/CMakeTmp

Run Build Command:"/usr/bin/make" "cmTC_d563f/fast"
/Library/Developer/CommandLineTools/usr/bin/make -f CMakeFiles/cmTC_d563f.dir/build.make CMakeFiles/cmTC_d563f.dir/build
Building C object CMakeFiles/cmTC_d563f.dir/src.c.o
/Library/Developer/CommandLineTools/usr/bin/cc   -DLIBOMP_HAVE_WNO_SIGN_COMPARE_FLAG   -Wsign-compare -o CMakeFiles/cmTC_d563f.dir/src.c.o   -c /Users/simar/repos/CS534L-Social-Networks-Project/TIM/libomp/CMakeFiles/CMakeTmp/src.c
Linking C executable cmTC_d563f
/usr/local/Cellar/cmake/3.10.1/bin/cmake -E cmake_link_script CMakeFiles/cmTC_d563f.dir/link.txt --verbose=1
/Library/Developer/CommandLineTools/usr/bin/cc  -DLIBOMP_HAVE_WNO_SIGN_COMPARE_FLAG -Wl,-search_paths_first -Wl,-headerpad_max_install_names   CMakeFiles/cmTC_d563f.dir/src.c.o  -o cmTC_d563f 

Source file was:
int main(void) { return 0; }
Performing C SOURCE FILE Test LIBOMP_HAVE_WNO_GNU_ANONYMOUS_STRUCT_FLAG succeeded with the following output:
Change Dir: /Users/simar/repos/CS534L-Social-Networks-Project/TIM/libomp/CMakeFiles/CMakeTmp

Run Build Command:"/usr/bin/make" "cmTC_ce45c/fast"
/Library/Developer/CommandLineTools/usr/bin/make -f CMakeFiles/cmTC_ce45c.dir/build.make CMakeFiles/cmTC_ce45c.dir/build
Building C object CMakeFiles/cmTC_ce45c.dir/src.c.o
/Library/Developer/CommandLineTools/usr/bin/cc   -DLIBOMP_HAVE_WNO_GNU_ANONYMOUS_STRUCT_FLAG   -Wgnu-anonymous-struct -o CMakeFiles/cmTC_ce45c.dir/src.c.o   -c /Users/simar/repos/CS534L-Social-Networks-Project/TIM/libomp/CMakeFiles/CMakeTmp/src.c
Linking C executable cmTC_ce45c
/usr/local/Cellar/cmake/3.10.1/bin/cmake -E cmake_link_script CMakeFiles/cmTC_ce45c.dir/link.txt --verbose=1
/Library/Developer/CommandLineTools/usr/bin/cc  -DLIBOMP_HAVE_WNO_GNU_ANONYMOUS_STRUCT_FLAG -Wl,-search_paths_first -Wl,-headerpad_max_install_names   CMakeFiles/cmTC_ce45c.dir/src.c.o  -o cmTC_ce45c 

Source file was:
int main(void) { return 0; }
Performing C SOURCE FILE Test LIBOMP_HAVE_WNO_UNKNOWN_PRAGMAS_FLAG succeeded with the following output:
Change Dir: /Users/simar/repos/CS534L-Social-Networks-Project/TIM/libomp/CMakeFiles/CMakeTmp

Run Build Command:"/usr/bin/make" "cmTC_ac49f/fast"
/Library/Developer/CommandLineTools/usr/bin/make -f CMakeFiles/cmTC_ac49f.dir/build.make CMakeFiles/cmTC_ac49f.dir/build
Building C object CMakeFiles/cmTC_ac49f.dir/src.c.o
/Library/Developer/CommandLineTools/usr/bin/cc   -DLIBOMP_HAVE_WNO_UNKNOWN_PRAGMAS_FLAG   -Wunknown-pragmas -o CMakeFiles/cmTC_ac49f.dir/src.c.o   -c /Users/simar/repos/CS534L-Social-Networks-Project/TIM/libomp/CMakeFiles/CMakeTmp/src.c
Linking C executable cmTC_ac49f
/usr/local/Cellar/cmake/3.10.1/bin/cmake -E cmake_link_script CMakeFiles/cmTC_ac49f.dir/link.txt --verbose=1
/Library/Developer/CommandLineTools/usr/bin/cc  -DLIBOMP_HAVE_WNO_UNKNOWN_PRAGMAS_FLAG -Wl,-search_paths_first -Wl,-headerpad_max_install_names   CMakeFiles/cmTC_ac49f.dir/src.c.o  -o cmTC_ac49f 

Source file was:
int main(void) { return 0; }
Performing C SOURCE FILE Test LIBOMP_HAVE_WNO_MISSING_FIELD_INITIALIZERS_FLAG succeeded with the following output:
Change Dir: /Users/simar/repos/CS534L-Social-Networks-Project/TIM/libomp/CMakeFiles/CMakeTmp

Run Build Command:"/usr/bin/make" "cmTC_8e4c4/fast"
/Library/Developer/CommandLineTools/usr/bin/make -f CMakeFiles/cmTC_8e4c4.dir/build.make CMakeFiles/cmTC_8e4c4.dir/build
Building C object CMakeFiles/cmTC_8e4c4.dir/src.c.o
/Library/Developer/CommandLineTools/usr/bin/cc   -DLIBOMP_HAVE_WNO_MISSING_FIELD_INITIALIZERS_FLAG   -Wmissing-field-initializers -o CMakeFiles/cmTC_8e4c4.dir/src.c.o   -c /Users/simar/repos/CS534L-Social-Networks-Project/TIM/libomp/CMakeFiles/CMakeTmp/src.c
Linking C executable cmTC_8e4c4
/usr/local/Cellar/cmake/3.10.1/bin/cmake -E cmake_link_script CMakeFiles/cmTC_8e4c4.dir/link.txt --verbose=1
/Library/Developer/CommandLineTools/usr/bin/cc  -DLIBOMP_HAVE_WNO_MISSING_FIELD_INITIALIZERS_FLAG -Wl,-search_paths_first -Wl,-headerpad_max_install_names   CMakeFiles/cmTC_8e4c4.dir/src.c.o  -o cmTC_8e4c4 

Source file was:
int main(void) { return 0; }
Performing C SOURCE FILE Test LIBOMP_HAVE_WNO_MISSING_BRACES_FLAG succeeded with the following output:
Change Dir: /Users/simar/repos/CS534L-Social-Networks-Project/TIM/libomp/CMakeFiles/CMakeTmp

Run Build Command:"/usr/bin/make" "cmTC_fcae0/fast"
/Library/Developer/CommandLineTools/usr/bin/make -f CMakeFiles/cmTC_fcae0.dir/build.make CMakeFiles/cmTC_fcae0.dir/build
Building C object CMakeFiles/cmTC_fcae0.dir/src.c.o
/Library/Developer/CommandLineTools/usr/bin/cc   -DLIBOMP_HAVE_WNO_MISSING_BRACES_FLAG   -Wmissing-braces -o CMakeFiles/cmTC_fcae0.dir/src.c.o   -c /Users/simar/repos/CS534L-Social-Networks-Project/TIM/libomp/CMakeFiles/CMakeTmp/src.c
Linking C executable cmTC_fcae0
/usr/local/Cellar/cmake/3.10.1/bin/cmake -E cmake_link_script CMakeFiles/cmTC_fcae0.dir/link.txt --verbose=1
/Library/Developer/CommandLineTools/usr/bin/cc  -DLIBOMP_HAVE_WNO_MISSING_BRACES_FLAG -Wl,-search_paths_first -Wl,-headerpad_max_install_names   CMakeFiles/cmTC_fcae0.dir/src.c.o  -o cmTC_fcae0 

Source file was:
int main(void) { return 0; }
Performing C SOURCE FILE Test LIBOMP_HAVE_WNO_COMMENT_FLAG succeeded with the following output:
Change Dir: /Users/simar/repos/CS534L-Social-Networks-Project/TIM/libomp/CMakeFiles/CMakeTmp

Run Build Command:"/usr/bin/make" "cmTC_190a0/fast"
/Library/Developer/CommandLineTools/usr/bin/make -f CMakeFiles/cmTC_190a0.dir/build.make CMakeFiles/cmTC_190a0.dir/build
Building C object CMakeFiles/cmTC_190a0.dir/src.c.o
/Library/Developer/CommandLineTools/usr/bin/cc   -DLIBOMP_HAVE_WNO_COMMENT_FLAG   -Wcomment -o CMakeFiles/cmTC_190a0.dir/src.c.o   -c /Users/simar/repos/CS534L-Social-Networks-Project/TIM/libomp/CMakeFiles/CMakeTmp/src.c
Linking C executable cmTC_190a0
/usr/local/Cellar/cmake/3.10.1/bin/cmake -E cmake_link_script CMakeFiles/cmTC_190a0.dir/link.txt --verbose=1
/Library/Developer/CommandLineTools/usr/bin/cc  -DLIBOMP_HAVE_WNO_COMMENT_FLAG -Wl,-search_paths_first -Wl,-headerpad_max_install_names   CMakeFiles/cmTC_190a0.dir/src.c.o  -o cmTC_190a0 

Source file was:
int main(void) { return 0; }
Performing C SOURCE FILE Test LIBOMP_HAVE_WNO_SELF_ASSIGN_FLAG succeeded with the following output:
Change Dir: /Users/simar/repos/CS534L-Social-Networks-Project/TIM/libomp/CMakeFiles/CMakeTmp

Run Build Command:"/usr/bin/make" "cmTC_86066/fast"
/Library/Developer/CommandLineTools/usr/bin/make -f CMakeFiles/cmTC_86066.dir/build.make CMakeFiles/cmTC_86066.dir/build
Building C object CMakeFiles/cmTC_86066.dir/src.c.o
/Library/Developer/CommandLineTools/usr/bin/cc   -DLIBOMP_HAVE_WNO_SELF_ASSIGN_FLAG   -Wself-assign -o CMakeFiles/cmTC_86066.dir/src.c.o   -c /Users/simar/repos/CS534L-Social-Networks-Project/TIM/libomp/CMakeFiles/CMakeTmp/src.c
Linking C executable cmTC_86066
/usr/local/Cellar/cmake/3.10.1/bin/cmake -E cmake_link_script CMakeFiles/cmTC_86066.dir/link.txt --verbose=1
/Library/Developer/CommandLineTools/usr/bin/cc  -DLIBOMP_HAVE_WNO_SELF_ASSIGN_FLAG -Wl,-search_paths_first -Wl,-headerpad_max_install_names   CMakeFiles/cmTC_86066.dir/src.c.o  -o cmTC_86066 

Source file was:
int main(void) { return 0; }
Performing C SOURCE FILE Test LIBOMP_HAVE_WNO_VLA_EXTENSION_FLAG succeeded with the following output:
Change Dir: /Users/simar/repos/CS534L-Social-Networks-Project/TIM/libomp/CMakeFiles/CMakeTmp

Run Build Command:"/usr/bin/make" "cmTC_ba065/fast"
/Library/Developer/CommandLineTools/usr/bin/make -f CMakeFiles/cmTC_ba065.dir/build.make CMakeFiles/cmTC_ba065.dir/build
Building C object CMakeFiles/cmTC_ba065.dir/src.c.o
/Library/Developer/CommandLineTools/usr/bin/cc   -DLIBOMP_HAVE_WNO_VLA_EXTENSION_FLAG   -Wvla-extension -o CMakeFiles/cmTC_ba065.dir/src.c.o   -c /Users/simar/repos/CS534L-Social-Networks-Project/TIM/libomp/CMakeFiles/CMakeTmp/src.c
Linking C executable cmTC_ba065
/usr/local/Cellar/cmake/3.10.1/bin/cmake -E cmake_link_script CMakeFiles/cmTC_ba065.dir/link.txt --verbose=1
/Library/Developer/CommandLineTools/usr/bin/cc  -DLIBOMP_HAVE_WNO_VLA_EXTENSION_FLAG -Wl,-search_paths_first -Wl,-headerpad_max_install_names   CMakeFiles/cmTC_ba065.dir/src.c.o  -o cmTC_ba065 

Source file was:
int main(void) { return 0; }
Performing C SOURCE FILE Test LIBOMP_HAVE_WNO_FORMAT_PEDANTIC_FLAG succeeded with the following output:
Change Dir: /Users/simar/repos/CS534L-Social-Networks-Project/TIM/libomp/CMakeFiles/CMakeTmp

Run Build Command:"/usr/bin/make" "cmTC_b34ea/fast"
/Library/Developer/CommandLineTools/usr/bin/make -f CMakeFiles/cmTC_b34ea.dir/build.make CMakeFiles/cmTC_b34ea.dir/build
Building C object CMakeFiles/cmTC_b34ea.dir/src.c.o
/Library/Developer/CommandLineTools/usr/bin/cc   -DLIBOMP_HAVE_WNO_FORMAT_PEDANTIC_FLAG   -Wformat-pedantic -o CMakeFiles/cmTC_b34ea.dir/src.c.o   -c /Users/simar/repos/CS534L-Social-Networks-Project/TIM/libomp/CMakeFiles/CMakeTmp/src.c
Linking C executable cmTC_b34ea
/usr/local/Cellar/cmake/3.10.1/bin/cmake -E cmake_link_script CMakeFiles/cmTC_b34ea.dir/link.txt --verbose=1
/Library/Developer/CommandLineTools/usr/bin/cc  -DLIBOMP_HAVE_WNO_FORMAT_PEDANTIC_FLAG -Wl,-search_paths_first -Wl,-headerpad_max_install_names   CMakeFiles/cmTC_b34ea.dir/src.c.o  -o cmTC_b34ea 

Source file was:
int main(void) { return 0; }
Performing C SOURCE FILE Test LIBOMP_HAVE_MSSE2_FLAG succeeded with the following output:
Change Dir: /Users/simar/repos/CS534L-Social-Networks-Project/TIM/libomp/CMakeFiles/CMakeTmp

Run Build Command:"/usr/bin/make" "cmTC_8a582/fast"
/Library/Developer/CommandLineTools/usr/bin/make -f CMakeFiles/cmTC_8a582.dir/build.make CMakeFiles/cmTC_8a582.dir/build
Building C object CMakeFiles/cmTC_8a582.dir/src.c.o
/Library/Developer/CommandLineTools/usr/bin/cc   -DLIBOMP_HAVE_MSSE2_FLAG   -msse2 -o CMakeFiles/cmTC_8a582.dir/src.c.o   -c /Users/simar/repos/CS534L-Social-Networks-Project/TIM/libomp/CMakeFiles/CMakeTmp/src.c
Linking C executable cmTC_8a582
/usr/local/Cellar/cmake/3.10.1/bin/cmake -E cmake_link_script CMakeFiles/cmTC_8a582.dir/link.txt --verbose=1
/Library/Developer/CommandLineTools/usr/bin/cc  -DLIBOMP_HAVE_MSSE2_FLAG -Wl,-search_paths_first -Wl,-headerpad_max_install_names   CMakeFiles/cmTC_8a582.dir/src.c.o  -o cmTC_8a582 

Source file was:
int main(void) { return 0; }
Performing C SOURCE FILE Test LIBOMP_HAVE_FTLS_MODEL_FLAG succeeded with the following output:
Change Dir: /Users/simar/repos/CS534L-Social-Networks-Project/TIM/libomp/CMakeFiles/CMakeTmp

Run Build Command:"/usr/bin/make" "cmTC_dc75f/fast"
/Library/Developer/CommandLineTools/usr/bin/make -f CMakeFiles/cmTC_dc75f.dir/build.make CMakeFiles/cmTC_dc75f.dir/build
Building C object CMakeFiles/cmTC_dc75f.dir/src.c.o
/Library/Developer/CommandLineTools/usr/bin/cc   -DLIBOMP_HAVE_FTLS_MODEL_FLAG   -ftls-model=initial-exec -o CMakeFiles/cmTC_dc75f.dir/src.c.o   -c /Users/simar/repos/CS534L-Social-Networks-Project/TIM/libomp/CMakeFiles/CMakeTmp/src.c
Linking C executable cmTC_dc75f
/usr/local/Cellar/cmake/3.10.1/bin/cmake -E cmake_link_script CMakeFiles/cmTC_dc75f.dir/link.txt --verbose=1
/Library/Developer/CommandLineTools/usr/bin/cc  -DLIBOMP_HAVE_FTLS_MODEL_FLAG -Wl,-search_paths_first -Wl,-headerpad_max_install_names   CMakeFiles/cmTC_dc75f.dir/src.c.o  -o cmTC_dc75f 

Source file was:
int main(void) { return 0; }
Performing C SOURCE FILE Test LIBOMP_HAVE_M32_FLAG succeeded with the following output:
Change Dir: /Users/simar/repos/CS534L-Social-Networks-Project/TIM/libomp/CMakeFiles/CMakeTmp

Run Build Command:"/usr/bin/make" "cmTC_1854e/fast"
/Library/Developer/CommandLineTools/usr/bin/make -f CMakeFiles/cmTC_1854e.dir/build.make CMakeFiles/cmTC_1854e.dir/build
Building C object CMakeFiles/cmTC_1854e.dir/src.c.o
/Library/Developer/CommandLineTools/usr/bin/cc   -DLIBOMP_HAVE_M32_FLAG -m32   -m32 -o CMakeFiles/cmTC_1854e.dir/src.c.o   -c /Users/simar/repos/CS534L-Social-Networks-Project/TIM/libomp/CMakeFiles/CMakeTmp/src.c
Linking C executable cmTC_1854e
/usr/local/Cellar/cmake/3.10.1/bin/cmake -E cmake_link_script CMakeFiles/cmTC_1854e.dir/link.txt --verbose=1
/Library/Developer/CommandLineTools/usr/bin/cc  -DLIBOMP_HAVE_M32_FLAG -m32 -Wl,-search_paths_first -Wl,-headerpad_max_install_names   CMakeFiles/cmTC_1854e.dir/src.c.o  -o cmTC_1854e 

Source file was:
int main(void) { return 0; }
Determining if the include file pthread.h exists passed with the following output:
Change Dir: /Users/simar/repos/CS534L-Social-Networks-Project/TIM/libomp/CMakeFiles/CMakeTmp

Run Build Command:"/usr/bin/make" "cmTC_e7885/fast"
/Library/Developer/CommandLineTools/usr/bin/make -f CMakeFiles/cmTC_e7885.dir/build.make CMakeFiles/cmTC_e7885.dir/build
Building C object CMakeFiles/cmTC_e7885.dir/CheckIncludeFile.c.o
/Library/Developer/CommandLineTools/usr/bin/cc    -o CMakeFiles/cmTC_e7885.dir/CheckIncludeFile.c.o   -c /Users/simar/repos/CS534L-Social-Networks-Project/TIM/libomp/CMakeFiles/CMakeTmp/CheckIncludeFile.c
Linking C executable cmTC_e7885
/usr/local/Cellar/cmake/3.10.1/bin/cmake -E cmake_link_script CMakeFiles/cmTC_e7885.dir/link.txt --verbose=1
/Library/Developer/CommandLineTools/usr/bin/cc   -Wl,-search_paths_first -Wl,-headerpad_max_install_names   CMakeFiles/cmTC_e7885.dir/CheckIncludeFile.c.o  -o cmTC_e7885 


Determining if the pthread_create exist passed with the following output:
Change Dir: /Users/simar/repos/CS534L-Social-Networks-Project/TIM/libomp/CMakeFiles/CMakeTmp

Run Build Command:"/usr/bin/make" "cmTC_273c4/fast"
/Library/Developer/CommandLineTools/usr/bin/make -f CMakeFiles/cmTC_273c4.dir/build.make CMakeFiles/cmTC_273c4.dir/build
Building C object CMakeFiles/cmTC_273c4.dir/CheckSymbolExists.c.o
/Library/Developer/CommandLineTools/usr/bin/cc    -o CMakeFiles/cmTC_273c4.dir/CheckSymbolExists.c.o   -c /Users/simar/repos/CS534L-Social-Networks-Project/TIM/libomp/CMakeFiles/CMakeTmp/CheckSymbolExists.c
Linking C executable cmTC_273c4
/usr/local/Cellar/cmake/3.10.1/bin/cmake -E cmake_link_script CMakeFiles/cmTC_273c4.dir/link.txt --verbose=1
/Library/Developer/CommandLineTools/usr/bin/cc   -Wl,-search_paths_first -Wl,-headerpad_max_install_names   CMakeFiles/cmTC_273c4.dir/CheckSymbolExists.c.o  -o cmTC_273c4 

File /Users/simar/repos/CS534L-Social-Networks-Project/TIM/libomp/CMakeFiles/CMakeTmp/CheckSymbolExists.c:
/* */
#include <pthread.h>

int main(int argc, char** argv)
{
  (void)argv;
#ifndef pthread_create
  return ((int*)(&pthread_create))[argc];
#else
  (void)argc;
  return 0;
#endif
}

Performing C SOURCE FILE Test LIBOMP_HAVE___BUILTIN_FRAME_ADDRESS succeeded with the following output:
Change Dir: /Users/simar/repos/CS534L-Social-Networks-Project/TIM/libomp/CMakeFiles/CMakeTmp

Run Build Command:"/usr/bin/make" "cmTC_3225e/fast"
/Library/Developer/CommandLineTools/usr/bin/make -f CMakeFiles/cmTC_3225e.dir/build.make CMakeFiles/cmTC_3225e.dir/build
Building C object CMakeFiles/cmTC_3225e.dir/src.c.o
/Library/Developer/CommandLineTools/usr/bin/cc   -DLIBOMP_HAVE___BUILTIN_FRAME_ADDRESS   -o CMakeFiles/cmTC_3225e.dir/src.c.o   -c /Users/simar/repos/CS534L-Social-Networks-Project/TIM/libomp/CMakeFiles/CMakeTmp/src.c
Linking C executable cmTC_3225e
/usr/local/Cellar/cmake/3.10.1/bin/cmake -E cmake_link_script CMakeFiles/cmTC_3225e.dir/link.txt --verbose=1
/Library/Developer/CommandLineTools/usr/bin/cc  -DLIBOMP_HAVE___BUILTIN_FRAME_ADDRESS -Wl,-search_paths_first -Wl,-headerpad_max_install_names   CMakeFiles/cmTC_3225e.dir/src.c.o  -o cmTC_3225e 

Source file was:
int main(int argc, char** argv) {
  void* p = __builtin_frame_address(0);
  return 0;}
Performing C SOURCE FILE Test LIBOMP_HAVE_WEAK_ATTRIBUTE succeeded with the following output:
Change Dir: /Users/simar/repos/CS534L-Social-Networks-Project/TIM/libomp/CMakeFiles/CMakeTmp

Run Build Command:"/usr/bin/make" "cmTC_fe739/fast"
/Library/Developer/CommandLineTools/usr/bin/make -f CMakeFiles/cmTC_fe739.dir/build.make CMakeFiles/cmTC_fe739.dir/build
Building C object CMakeFiles/cmTC_fe739.dir/src.c.o
/Library/Developer/CommandLineTools/usr/bin/cc   -DLIBOMP_HAVE_WEAK_ATTRIBUTE   -o CMakeFiles/cmTC_fe739.dir/src.c.o   -c /Users/simar/repos/CS534L-Social-Networks-Project/TIM/libomp/CMakeFiles/CMakeTmp/src.c
Linking C executable cmTC_fe739
/usr/local/Cellar/cmake/3.10.1/bin/cmake -E cmake_link_script CMakeFiles/cmTC_fe739.dir/link.txt --verbose=1
/Library/Developer/CommandLineTools/usr/bin/cc  -DLIBOMP_HAVE_WEAK_ATTRIBUTE -Wl,-search_paths_first -Wl,-headerpad_max_install_names   CMakeFiles/cmTC_fe739.dir/src.c.o  -o cmTC_fe739 

Source file was:
__attribute__ ((weak)) int foo(int a) { return a*a; }
  int main(int argc, char** argv) {
  return foo(argc);}
Determining if the function sqrt exists in the m passed with the following output:
Change Dir: /Users/simar/repos/CS534L-Social-Networks-Project/TIM/libomp/CMakeFiles/CMakeTmp

Run Build Command:"/usr/bin/make" "cmTC_496bb/fast"
/Library/Developer/CommandLineTools/usr/bin/make -f CMakeFiles/cmTC_496bb.dir/build.make CMakeFiles/cmTC_496bb.dir/build
Building C object CMakeFiles/cmTC_496bb.dir/CheckFunctionExists.c.o
/Library/Developer/CommandLineTools/usr/bin/cc   -DCHECK_FUNCTION_EXISTS=sqrt   -o CMakeFiles/cmTC_496bb.dir/CheckFunctionExists.c.o   -c /usr/local/Cellar/cmake/3.10.1/share/cmake/Modules/CheckFunctionExists.c
/usr/local/Cellar/cmake/3.10.1/share/cmake/Modules/CheckFunctionExists.c:7:3: warning: incompatible redeclaration of library function 'sqrt' [-Wincompatible-library-redeclaration]
  CHECK_FUNCTION_EXISTS(void);
  ^
<command line>:1:31: note: expanded from here
#define CHECK_FUNCTION_EXISTS sqrt
                              ^
/usr/local/Cellar/cmake/3.10.1/share/cmake/Modules/CheckFunctionExists.c:7:3: note: 'sqrt' is a builtin with type 'double (double)'
<command line>:1:31: note: expanded from here
#define CHECK_FUNCTION_EXISTS sqrt
                              ^
1 warning generated.
Linking C executable cmTC_496bb
/usr/local/Cellar/cmake/3.10.1/bin/cmake -E cmake_link_script CMakeFiles/cmTC_496bb.dir/link.txt --verbose=1
/Library/Developer/CommandLineTools/usr/bin/cc  -DCHECK_FUNCTION_EXISTS=sqrt -Wl,-search_paths_first -Wl,-headerpad_max_install_names   CMakeFiles/cmTC_496bb.dir/CheckFunctionExists.c.o  -o cmTC_496bb -lm 


Determining if the function __atomic_load_1 exists passed with the following output:
Change Dir: /Users/simar/repos/CS534L-Social-Networks-Project/TIM/libomp/CMakeFiles/CMakeTmp

Run Build Command:"/usr/bin/make" "cmTC_93189/fast"
/Library/Developer/CommandLineTools/usr/bin/make -f CMakeFiles/cmTC_93189.dir/build.make CMakeFiles/cmTC_93189.dir/build
Building C object CMakeFiles/cmTC_93189.dir/CheckFunctionExists.c.o
/Library/Developer/CommandLineTools/usr/bin/cc   -DCHECK_FUNCTION_EXISTS=__atomic_load_1   -o CMakeFiles/cmTC_93189.dir/CheckFunctionExists.c.o   -c /usr/local/Cellar/cmake/3.10.1/share/cmake/Modules/CheckFunctionExists.c
Linking C executable cmTC_93189
/usr/local/Cellar/cmake/3.10.1/bin/cmake -E cmake_link_script CMakeFiles/cmTC_93189.dir/link.txt --verbose=1
/Library/Developer/CommandLineTools/usr/bin/cc  -DCHECK_FUNCTION_EXISTS=__atomic_load_1 -Wl,-search_paths_first -Wl,-headerpad_max_install_names   CMakeFiles/cmTC_93189.dir/CheckFunctionExists.c.o  -o cmTC_93189 


